<?xml version="1.0" encoding="UTF-8"?>
<!-- Generated by org.testng.reporters.JUnitReportReporter -->
<testsuite skipped="0" hostname="DESKTOP-M650RK9" name="com.qa.hubspot.tests.LoginPageTest" tests="3" failures="0" timestamp="2020-07-01T16:46:48 IST" time="18.199" errors="0">
  <testcase name="verifyLoginPageTitleTest" time="14.615" classname="com.qa.hubspot.tests.LoginPageTest"/>
  <system-out/>
  <testcase name="verifySignUpLinkTest" time="0.234" classname="com.qa.hubspot.tests.LoginPageTest"/>
  <system-out/>
  <testcase name="doLogin" time="3.350" classname="com.qa.hubspot.tests.LoginPageTest"/>
  <system-out/>
</testsuite> <!-- com.qa.hubspot.tests.LoginPageTest -->
