<?xml version="1.0" encoding="UTF-8"?>
<!-- Generated by org.testng.reporters.JUnitReportReporter -->
<testsuite skipped="0" hostname="DESKTOP-M650RK9" name="com.qa.hubspot.tests.ContactsPageTest" tests="5" failures="0" timestamp="2020-07-02T17:05:42 IST" time="105.472" errors="0">
  <testcase name="verifyContactsPageTitleTest" time="0.950" classname="com.qa.hubspot.tests.ContactsPageTest"/>
  <system-out/>
  <testcase name="createContactTest" time="30.105" classname="com.qa.hubspot.tests.ContactsPageTest"/>
  <system-out/>
  <testcase name="createContactTest" time="28.725" classname="com.qa.hubspot.tests.ContactsPageTest"/>
  <system-out/>
  <testcase name="createContactTest" time="24.246" classname="com.qa.hubspot.tests.ContactsPageTest"/>
  <system-out/>
  <testcase name="createContactTest" time="21.446" classname="com.qa.hubspot.tests.ContactsPageTest"/>
  <system-out/>
</testsuite> <!-- com.qa.hubspot.tests.ContactsPageTest -->
