<?xml version="1.0" encoding="UTF-8"?>
<!-- Generated by org.testng.reporters.JUnitReportReporter -->
<testsuite skipped="0" hostname="DESKTOP-M650RK9" name="com.qa.hubspot.tests.LoginPageTest" tests="3" failures="0" timestamp="2020-07-02T20:48:14 IST" time="16.040" errors="0">
  <testcase name="verifyLoginPageTitleTest" time="5.923" classname="com.qa.hubspot.tests.LoginPageTest"/>
  <system-out/>
  <testcase name="verifySignUpLinkTest" time="3.657" classname="com.qa.hubspot.tests.LoginPageTest"/>
  <system-out/>
  <testcase name="doLogin" time="6.460" classname="com.qa.hubspot.tests.LoginPageTest"/>
  <system-out/>
</testsuite> <!-- com.qa.hubspot.tests.LoginPageTest -->
