<?xml version="1.0" encoding="UTF-8"?>
<!-- Generated by org.testng.reporters.JUnitReportReporter -->
<testsuite skipped="0" hostname="DESKTOP-M650RK9" name="com.qa.hubspot.tests.ContactsPageTest" tests="2" failures="0" timestamp="2020-07-01T19:10:51 IST" time="19.159" errors="0">
  <testcase name="verifyContactsPageTitleTest" time="1.589" classname="com.qa.hubspot.tests.ContactsPageTest"/>
  <system-out/>
  <testcase name="createContactTest" time="17.570" classname="com.qa.hubspot.tests.ContactsPageTest"/>
  <system-out/>
</testsuite> <!-- com.qa.hubspot.tests.ContactsPageTest -->
