<?xml version="1.0" encoding="UTF-8"?>
<!-- Generated by org.testng.reporters.JUnitReportReporter -->
<testsuite skipped="0" hostname="DESKTOP-M650RK9" name="com.qa.hubspot.tests.HomePageTest" tests="3" failures="0" timestamp="2020-07-02T13:58:26 IST" time="16.086" errors="0">
  <testcase name="verifyHomePageTitle" time="13.009" classname="com.qa.hubspot.tests.HomePageTest"/>
  <system-out/>
  <testcase name="verifyHomePageHeader" time="2.823" classname="com.qa.hubspot.tests.HomePageTest"/>
  <system-out/>
  <testcase name="verifyLoggedInUserTest" time="0.254" classname="com.qa.hubspot.tests.HomePageTest"/>
  <system-out/>
</testsuite> <!-- com.qa.hubspot.tests.HomePageTest -->
